0 info it worked if it ends with ok
1 verbose cli [ 'node', '/usr/local/bin/npm', 'install', 'mysql' ]
2 info using npm@3.9.0
3 info using node@v0.10.25
4 verbose node symlink /usr/bin/node
5 silly loadCurrentTree Starting
6 silly install loadCurrentTree
7 silly install readLocalPackageData
8 silly rollbackFailedOptional Starting
9 silly rollbackFailedOptional Finishing
10 silly runTopLevelLifecycles Starting
11 silly runTopLevelLifecycles Finishing
12 silly install printInstalled
13 verbose stack Error: Failed to parse json
13 verbose stack Trailing comma in object at 8:3
13 verbose stack   }
13 verbose stack   ^
13 verbose stack     at parseError (/usr/local/lib/node_modules/npm/node_modules/read-package-json/read-json.js:390:11)
13 verbose stack     at parseJson (/usr/local/lib/node_modules/npm/node_modules/read-package-json/read-json.js:79:23)
13 verbose stack     at /usr/local/lib/node_modules/npm/node_modules/read-package-json/read-json.js:48:5
13 verbose stack     at /usr/local/lib/node_modules/npm/node_modules/graceful-fs/graceful-fs.js:78:16
13 verbose stack     at fs.js:268:14
13 verbose stack     at /usr/local/lib/node_modules/npm/node_modules/graceful-fs/graceful-fs.js:43:10
13 verbose stack     at Object.oncomplete (fs.js:107:15)
14 verbose cwd /home/shreenivas/Desktop/nodejs/modules/mysql/sp-node-mysql
15 error Linux 3.13.0-43-generic
16 error argv "node" "/usr/local/bin/npm" "install" "mysql"
17 error node v0.10.25
18 error npm  v3.9.0
19 error file /home/shreenivas/Desktop/nodejs/modules/mysql/package.json
20 error code EJSONPARSE
21 error Failed to parse json
21 error Trailing comma in object at 8:3
21 error   }
21 error   ^
22 error File: /home/shreenivas/Desktop/nodejs/modules/mysql/package.json
23 error Failed to parse package.json data.
23 error package.json must be actual JSON, not just JavaScript.
23 error
23 error This is not a bug in npm.
23 error Tell the package author to fix their package.json file. JSON.parse
24 verbose exit [ 1, true ]
